[19:47:18] [Server thread/INFO]: Starting minecraft server version 1.12
[19:47:18] [Server thread/WARN]: To start the server with more ram, launch it as "java -Xmx1024M -Xms1024M -jar minecraft_server.jar"
[19:47:18] [Server thread/INFO]: Loading properties
[19:47:19] [Server thread/INFO]: Default game type: SURVIVAL
[19:47:19] [Server thread/INFO]: Generating keypair
[19:47:19] [Server thread/INFO]: Starting Minecraft server on *:25565
[19:47:19] [Server thread/INFO]: Using epoll channel type
[19:47:19] [Server thread/INFO]: Preparing level "world"
[19:47:20] [Server thread/INFO]: Loaded 488 advancements
[19:47:21] [Server thread/INFO]: Preparing start region for level 0
[19:47:22] [Server thread/INFO]: Preparing spawn area: 4%
[19:47:23] [Server thread/INFO]: Preparing spawn area: 8%
[19:47:24] [Server thread/INFO]: Preparing spawn area: 12%
[19:47:26] [Server thread/INFO]: Preparing spawn area: 16%
[19:47:27] [Server thread/INFO]: Preparing spawn area: 20%
[19:47:28] [Server thread/INFO]: Preparing spawn area: 25%
[19:47:29] [Server thread/INFO]: Preparing spawn area: 31%
[19:47:30] [Server thread/INFO]: Preparing spawn area: 37%
[19:47:31] [Server thread/INFO]: Preparing spawn area: 43%
[19:47:32] [Server thread/INFO]: Preparing spawn area: 47%
[19:47:33] [Server thread/INFO]: Preparing spawn area: 53%
[19:47:34] [Server thread/INFO]: Preparing spawn area: 58%
[19:47:35] [Server thread/INFO]: Preparing spawn area: 63%
[19:47:36] [Server thread/INFO]: Preparing spawn area: 68%
[19:47:37] [Server thread/INFO]: Preparing spawn area: 73%
[19:47:38] [Server thread/INFO]: Preparing spawn area: 78%
[19:47:39] [Server thread/INFO]: Preparing spawn area: 83%
[19:47:40] [Server thread/INFO]: Preparing spawn area: 88%
[19:47:41] [Server thread/INFO]: Preparing spawn area: 92%
[19:47:42] [Server thread/INFO]: Preparing spawn area: 98%
[19:47:42] [Server thread/INFO]: Done (22.657s)! For help, type "help" or "?"
[19:47:44] [Server thread/WARN]: Can't keep up! Did the system time change, or is the server overloaded? Running 2245ms behind, skipping 44 tick(s)
[19:48:33] [Server thread/INFO]: Stopping the server
[19:48:33] [Server thread/INFO]: Stopping server
[19:48:33] [Server thread/INFO]: Saving players
[19:48:33] [Server thread/INFO]: Saving worlds
[19:48:33] [Server thread/INFO]: Saving chunks for level 'world'/overworld
[19:48:33] [Server thread/INFO]: Saving chunks for level 'world'/the_nether
[19:48:33] [Server thread/INFO]: Saving chunks for level 'world'/the_end
